0 silly argv {
0 silly argv   _: [ 'create' ],
0 silly argv   lernaVersion: '8.1.8',
0 silly argv   '$0': 'node_modules/lerna/dist/cli.js',
0 silly argv   name: '@frontend-dev-cli/core'
0 silly argv }
1 notice cli v8.1.8
2 verbose packageConfigs Package manager "pnpm" detected. Resolving packages using `pnpm-workspace.yaml`.
3 verbose rootPath /Volumes/980pro/monorepo
4 warn ENOREMOTE No git remote found, skipping repository property
5 error Error: canceled
5 error     at Interface.<anonymous> (/Volumes/980pro/monorepo/node_modules/.pnpm/read@3.0.1/node_modules/read/dist/commonjs/read.js:89:21)
5 error     at Interface.emit (node:events:519:28)
5 error     at [_ttyWrite] [as _ttyWrite] (node:internal/readline/interface:1124:18)
5 error     at ReadStream.onkeypress (node:internal/readline/interface:263:20)
5 error     at ReadStream.emit (node:events:519:28)
5 error     at emitKeys (node:internal/readline/utils:370:14)
5 error     at emitKeys.next (<anonymous>)
5 error     at ReadStream.onData (node:internal/readline/emitKeypressEvents:64:36)
5 error     at ReadStream.emit (node:events:519:28)
